  main.cpp
  menu.cpp
  orders.cpp
H:\school\Ordering-System\Ordering-System\orders.cpp(26,9): error C2665: 'nlohmann::json_abi_v3_11_2::basic_json<std::map,std::vector,std::string,bool,int64_t,uint64_t,double,std::allocator,nlohmann::json_abi_v3_11_2::adl_serializer,std::vector<uint8_t,std::allocator<uint8_t>>,void>::push_back': no overloaded function could convert all the argument types
H:\school\Ordering-System\Ordering-System\headerFiles\json.h(22302,10): message : could be 'void nlohmann::json_abi_v3_11_2::basic_json<std::map,std::vector,std::string,bool,int64_t,uint64_t,double,std::allocator,nlohmann::json_abi_v3_11_2::adl_serializer,std::vector<uint8_t,std::allocator<uint8_t>>,void>::push_back(nlohmann::json_abi_v3_11_2::basic_json<std::map,std::vector,std::string,bool,int64_t,uint64_t,double,std::allocator,nlohmann::json_abi_v3_11_2::adl_serializer,std::vector<uint8_t,std::allocator<uint8_t>>,void> &&)'
H:\school\Ordering-System\Ordering-System\orders.cpp(26,9): message : 'void nlohmann::json_abi_v3_11_2::basic_json<std::map,std::vector,std::string,bool,int64_t,uint64_t,double,std::allocator,nlohmann::json_abi_v3_11_2::adl_serializer,std::vector<uint8_t,std::allocator<uint8_t>>,void>::push_back(nlohmann::json_abi_v3_11_2::basic_json<std::map,std::vector,std::string,bool,int64_t,uint64_t,double,std::allocator,nlohmann::json_abi_v3_11_2::adl_serializer,std::vector<uint8_t,std::allocator<uint8_t>>,void> &&)': cannot convert argument 1 from 'initializer list' to 'nlohmann::json_abi_v3_11_2::basic_json<std::map,std::vector,std::string,bool,int64_t,uint64_t,double,std::allocator,nlohmann::json_abi_v3_11_2::adl_serializer,std::vector<uint8_t,std::allocator<uint8_t>>,void> &&'
H:\school\Ordering-System\Ordering-System\orders.cpp(26,20): message : Reason: cannot convert from 'initializer list' to 'nlohmann::json_abi_v3_11_2::basic_json<std::map,std::vector,std::string,bool,int64_t,uint64_t,double,std::allocator,nlohmann::json_abi_v3_11_2::adl_serializer,std::vector<uint8_t,std::allocator<uint8_t>>,void>'
H:\school\Ordering-System\Ordering-System\orders.cpp(26,20): message : No constructor could take the source type, or constructor overload resolution was ambiguous
H:\school\Ordering-System\Ordering-System\headerFiles\json.h(22335,10): message : or       'void nlohmann::json_abi_v3_11_2::basic_json<std::map,std::vector,std::string,bool,int64_t,uint64_t,double,std::allocator,nlohmann::json_abi_v3_11_2::adl_serializer,std::vector<uint8_t,std::allocator<uint8_t>>,void>::push_back(const nlohmann::json_abi_v3_11_2::basic_json<std::map,std::vector,std::string,bool,int64_t,uint64_t,double,std::allocator,nlohmann::json_abi_v3_11_2::adl_serializer,std::vector<uint8_t,std::allocator<uint8_t>>,void> &)'
H:\school\Ordering-System\Ordering-System\orders.cpp(26,9): message : 'void nlohmann::json_abi_v3_11_2::basic_json<std::map,std::vector,std::string,bool,int64_t,uint64_t,double,std::allocator,nlohmann::json_abi_v3_11_2::adl_serializer,std::vector<uint8_t,std::allocator<uint8_t>>,void>::push_back(const nlohmann::json_abi_v3_11_2::basic_json<std::map,std::vector,std::string,bool,int64_t,uint64_t,double,std::allocator,nlohmann::json_abi_v3_11_2::adl_serializer,std::vector<uint8_t,std::allocator<uint8_t>>,void> &)': cannot convert argument 1 from 'initializer list' to 'const nlohmann::json_abi_v3_11_2::basic_json<std::map,std::vector,std::string,bool,int64_t,uint64_t,double,std::allocator,nlohmann::json_abi_v3_11_2::adl_serializer,std::vector<uint8_t,std::allocator<uint8_t>>,void> &'
H:\school\Ordering-System\Ordering-System\orders.cpp(26,20): message : Reason: cannot convert from 'initializer list' to 'const nlohmann::json_abi_v3_11_2::basic_json<std::map,std::vector,std::string,bool,int64_t,uint64_t,double,std::allocator,nlohmann::json_abi_v3_11_2::adl_serializer,std::vector<uint8_t,std::allocator<uint8_t>>,void>'
H:\school\Ordering-System\Ordering-System\orders.cpp(26,20): message : No constructor could take the source type, or constructor overload resolution was ambiguous
H:\school\Ordering-System\Ordering-System\headerFiles\json.h(22367,10): message : or       'void nlohmann::json_abi_v3_11_2::basic_json<std::map,std::vector,std::string,bool,int64_t,uint64_t,double,std::allocator,nlohmann::json_abi_v3_11_2::adl_serializer,std::vector<uint8_t,std::allocator<uint8_t>>,void>::push_back(const std::pair<const StringType,nlohmann::json_abi_v3_11_2::basic_json<std::map,std::vector,StringType,bool,int64_t,uint64_t,double,std::allocator,nlohmann::json_abi_v3_11_2::adl_serializer,std::vector<uint8_t,std::allocator<uint8_t>>,void>> &)'
          with
          [
              StringType=std::string
          ]
H:\school\Ordering-System\Ordering-System\orders.cpp(26,9): message : 'void nlohmann::json_abi_v3_11_2::basic_json<std::map,std::vector,std::string,bool,int64_t,uint64_t,double,std::allocator,nlohmann::json_abi_v3_11_2::adl_serializer,std::vector<uint8_t,std::allocator<uint8_t>>,void>::push_back(const std::pair<const StringType,nlohmann::json_abi_v3_11_2::basic_json<std::map,std::vector,StringType,bool,int64_t,uint64_t,double,std::allocator,nlohmann::json_abi_v3_11_2::adl_serializer,std::vector<uint8_t,std::allocator<uint8_t>>,void>> &)': cannot convert argument 1 from 'initializer list' to 'const std::pair<const StringType,nlohmann::json_abi_v3_11_2::basic_json<std::map,std::vector,StringType,bool,int64_t,uint64_t,double,std::allocator,nlohmann::json_abi_v3_11_2::adl_serializer,std::vector<uint8_t,std::allocator<uint8_t>>,void>> &'
          with
          [
              StringType=std::string
          ]
H:\school\Ordering-System\Ordering-System\orders.cpp(26,20): message : Reason: cannot convert from 'initializer list' to 'const std::pair<const StringType,nlohmann::json_abi_v3_11_2::basic_json<std::map,std::vector,StringType,bool,int64_t,uint64_t,double,std::allocator,nlohmann::json_abi_v3_11_2::adl_serializer,std::vector<uint8_t,std::allocator<uint8_t>>,void>>'
          with
          [
              StringType=std::string
          ]
H:\school\Ordering-System\Ordering-System\orders.cpp(26,20): message : No constructor could take the source type, or constructor overload resolution was ambiguous
H:\school\Ordering-System\Ordering-System\headerFiles\json.h(22398,10): message : or       'void nlohmann::json_abi_v3_11_2::basic_json<std::map,std::vector,std::string,bool,int64_t,uint64_t,double,std::allocator,nlohmann::json_abi_v3_11_2::adl_serializer,std::vector<uint8_t,std::allocator<uint8_t>>,void>::push_back(std::initializer_list<nlohmann::json_abi_v3_11_2::detail::json_ref<nlohmann::json_abi_v3_11_2::basic_json<std::map,std::vector,std::string,bool,int64_t,uint64_t,double,std::allocator,nlohmann::json_abi_v3_11_2::adl_serializer,std::vector<uint8_t,std::allocator<uint8_t>>,void>>>)'
H:\school\Ordering-System\Ordering-System\orders.cpp(26,9): message : 'void nlohmann::json_abi_v3_11_2::basic_json<std::map,std::vector,std::string,bool,int64_t,uint64_t,double,std::allocator,nlohmann::json_abi_v3_11_2::adl_serializer,std::vector<uint8_t,std::allocator<uint8_t>>,void>::push_back(std::initializer_list<nlohmann::json_abi_v3_11_2::detail::json_ref<nlohmann::json_abi_v3_11_2::basic_json<std::map,std::vector,std::string,bool,int64_t,uint64_t,double,std::allocator,nlohmann::json_abi_v3_11_2::adl_serializer,std::vector<uint8_t,std::allocator<uint8_t>>,void>>>)': cannot convert argument 1 from 'initializer list' to 'std::initializer_list<nlohmann::json_abi_v3_11_2::detail::json_ref<nlohmann::json_abi_v3_11_2::basic_json<std::map,std::vector,std::string,bool,int64_t,uint64_t,double,std::allocator,nlohmann::json_abi_v3_11_2::adl_serializer,std::vector<uint8_t,std::allocator<uint8_t>>,void>>>'
H:\school\Ordering-System\Ordering-System\orders.cpp(26,20): message : Element '2': no conversion from 'initializer list' to 'nlohmann::json_abi_v3_11_2::detail::json_ref<nlohmann::json_abi_v3_11_2::basic_json<std::map,std::vector,std::string,bool,int64_t,uint64_t,double,std::allocator,nlohmann::json_abi_v3_11_2::adl_serializer,std::vector<uint8_t,std::allocator<uint8_t>>,void>>'
H:\school\Ordering-System\Ordering-System\orders.cpp(26,9): message : while trying to match the argument list '(initializer list)'
  Generating Code...
